<?xml version="1.0" encoding="UTF-8"?>
<testsuite xmlns:xsi="http://www.w3.org/2001/XMLSchema-instance" xsi:noNamespaceSchemaLocation="https://maven.apache.org/surefire/maven-surefire-plugin/xsd/surefire-test-report.xsd" name="at.ac.fhcampuswien.UnitTest" time="0.032" tests="8" errors="0" skipped="0" failures="2">
  <properties>
[...]
</properties>
  <testcase name="test_filterList_scenario_2" classname="at.ac.fhcampuswien.UnitTest" time="0.018">
    <failure message="expected: &lt;[Article{author=&apos;Hans&apos;, title=&apos;Ich bin ein Article&apos;}]&gt; but was: &lt;[]&gt;" type="org.opentest4j.AssertionFailedError"><![CDATA[org.opentest4j.AssertionFailedError: expected: <[Article{author='Hans', title='Ich bin ein Article'}]> but was: <[]>
	at at.ac.fhcampuswien.UnitTest.test_filterList_scenario_2(UnitTest.java:161)
]]></failure>
    <system-out><![CDATA[Testing News-App
]]></system-out>
  </testcase>
  <testcase name="test_getTopHeadLinesAustria_Scenario_2" classname="at.ac.fhcampuswien.UnitTest" time="0.001"/>
  <testcase name="test_getArticleCount_Scenario_0" classname="at.ac.fhcampuswien.UnitTest" time="0"/>
  <testcase name="test_getArticleCount_Scenario_1" classname="at.ac.fhcampuswien.UnitTest" time="0"/>
  <testcase name="test_filterList_Scenario_1" classname="at.ac.fhcampuswien.UnitTest" time="0"/>
  <testcase name="test_getTopHeadlinesAustria_Scenario_1" classname="at.ac.fhcampuswien.UnitTest" time="0"/>
  <testcase name="test_setArticles" classname="at.ac.fhcampuswien.UnitTest" time="0"/>
  <testcase name="test_getAllNewsBitcoin_Scenario_1" classname="at.ac.fhcampuswien.UnitTest" time="0.001">
    <failure message="expected: &lt;[Article{author=&apos;Peter Smith&apos;, title=&apos;Bitcoin ist cool&apos;}]&gt; but was: &lt;[]&gt;" type="org.opentest4j.AssertionFailedError"><![CDATA[org.opentest4j.AssertionFailedError: expected: <[Article{author='Peter Smith', title='Bitcoin ist cool'}]> but was: <[]>
	at at.ac.fhcampuswien.UnitTest.test_getAllNewsBitcoin_Scenario_1(UnitTest.java:124)
]]></failure>
  </testcase>
</testsuite>